New log file opened at Thu Jun 23 16:21:17 CEST 2016 by 5577@thomas-VirtualBox
Taking next connection to: 41605
New client attempting to connect on port: 39582-41605
  Address = /127.0.1.1:41605
This client on port 39582 has uuid 9a63e1d1-aac2-47f7-b662-41e20b0f827b configName activator humanReadableName Activator protocolVersion 3 featureTags Vector()
Connected Clients: activator-9a63e1d1-aac2-47f7-b662-41e20b0f827b
Taking next connection to: 41605
Checking to see if clients are empty...
We have 1 non-daemon clients, continuing serving connections.
Taking next connection to: 41605
New client attempting to connect on port: 40366-41605
  Address = /127.0.1.1:41605
Handshake exception on socket: 40366
sbt.impl.ipc.HandshakeException: Unable to perform handshake
	at sbt.impl.ipc.Peer.handshake(IPC.scala:46)
	at sbt.impl.ipc.MultiClientServer.<init>(IPC.scala:150)
	at sbt.server.SbtServerSocketHandler$$anon$1.run(SbtServerSocketHandler.scala:43)
Caused by: java.io.EOFException
	at java.io.DataInputStream.readInt(DataInputStream.java:392)
	at sbt.impl.ipc.Peer.receive(IPC.scala:95)
	at sbt.impl.ipc.Peer.handshake(IPC.scala:49)
	... 2 more
Taking next connection to: 41605
New client attempting to connect on port: 40368-41605
  Address = /127.0.1.1:41605
This client on port 40368 has uuid 964d5b91-d8e3-4bad-add0-d233e3ead817 configName activator humanReadableName Activator protocolVersion 3 featureTags Vector()
Connected Clients: activator-964d5b91-d8e3-4bad-add0-d233e3ead817
Taking next connection to: 41605
Checking to see if clients are empty...
No non-daemon clients connected after 3 min. Shutting down.
Server socket thread exiting.
0 clients open, will close them...
All client sockets have been closed.
Closing the 5577@thomas-VirtualBox logs at Thu Jun 23 16:28:48 CEST 2016, goodbye.
